nohup: ignoring input

Bad key "text.kerning_factor" on line 4 in
/home/a.dadras/.conda/envs/ANNDDM/lib/python3.7/site-packages/matplotlib/mpl-data/stylelib/_classic_test_patch.mplstyle.
You probably need to get an updated matplotlibrc file from
https://github.com/matplotlib/matplotlib/blob/v3.1.2/matplotlibrc.template
or from the matplotlib source distribution
INFO:pystan:COMPILING THE C++ CODE FOR MODEL anon_model_6450aad560bc99ed34363da2700a5789 NOW.

Gradient evaluation took 0.012546 seconds
1000 transitions using 10 leapfrog steps per transition would take 125.46 seconds.
Adjust your expectations accordingly!



Gradient evaluation took 0.009892 seconds
1000 transitions using 10 leapfrog steps per transition would take 98.92 seconds.
Adjust your expectations accordingly!



Gradient evaluation took 0.009789 seconds
1000 transitions using 10 leapfrog steps per transition would take 97.89 seconds.
Adjust your expectations accordingly!



Gradient evaluation took 0.010576 seconds
1000 transitions using 10 leapfrog steps per transition would take 105.76 seconds.
Adjust your expectations accordingly!


Informational Message: The current Metropolis proposal is about to be rejected because of the following issue:
Exception: Exception: Exception: Phi: x is -nan, but must not be nan!  (in 'RDM_hier_2k_beta_f.stan' at line 10)
  (in 'RDM_hier_2k_beta_f.stan' at line 31)
  (in 'RDM_hier_2k_beta_f.stan' at line 197)

If this warning occurs sporadically, such as for highly constrained variable types like covariance matrices, then the sampler is fine,
but if this warning occurs often then your model may be either severely ill-conditioned or misspecified.

Informational Message: The current Metropolis proposal is about to be rejected because of the following issue:
Exception: Exception: Exception: Phi: x is -nan, but must not be nan!  (in 'RDM_hier_2k_beta_f.stan' at line 10)
  (in 'RDM_hier_2k_beta_f.stan' at line 31)
  (in 'RDM_hier_2k_beta_f.stan' at line 197)

If this warning occurs sporadically, such as for highly constrained variable types like covariance matrices, then the sampler is fine,
but if this warning occurs often then your model may be either severely ill-conditioned or misspecified.

Iteration:    1 / 2000 [  0%]  (Warmup)
Iteration:    1 / 2000 [  0%]  (Warmup)
Iteration:    1 / 2000 [  0%]  (Warmup)
Informational Message: The current Metropolis proposal is about to be rejected because of the following issue:
Exception: validate transformed params: drift_word_t[2] is -nan, but must be greater than or equal to 0  (in 'RDM_hier_2k_beta_f.stan' at line 111)

If this warning occurs sporadically, such as for highly constrained variable types like covariance matrices, then the sampler is fine,
but if this warning occurs often then your model may be either severely ill-conditioned or misspecified.

Iteration:    1 / 2000 [  0%]  (Warmup)
Informational Message: The current Metropolis proposal is about to be rejected because of the following issue:
Exception: Exception: Exception: Phi: x is -nan, but must not be nan!  (in 'RDM_hier_2k_beta_f.stan' at line 10)
  (in 'RDM_hier_2k_beta_f.stan' at line 31)
  (in 'RDM_hier_2k_beta_f.stan' at line 197)

If this warning occurs sporadically, such as for highly constrained variable types like covariance matrices, then the sampler is fine,
but if this warning occurs often then your model may be either severely ill-conditioned or misspecified.

Informational Message: The current Metropolis proposal is about to be rejected because of the following issue:
Exception: validate transformed params: drift_word_t[2] is -nan, but must be greater than or equal to 0  (in 'RDM_hier_2k_beta_f.stan' at line 111)

If this warning occurs sporadically, such as for highly constrained variable types like covariance matrices, then the sampler is fine,
but if this warning occurs often then your model may be either severely ill-conditioned or misspecified.

Iteration:  200 / 2000 [ 10%]  (Warmup)
Iteration:  200 / 2000 [ 10%]  (Warmup)
Iteration:  200 / 2000 [ 10%]  (Warmup)
Iteration:  200 / 2000 [ 10%]  (Warmup)
Iteration:  400 / 2000 [ 20%]  (Warmup)
Iteration:  400 / 2000 [ 20%]  (Warmup)
Iteration:  400 / 2000 [ 20%]  (Warmup)
Iteration:  400 / 2000 [ 20%]  (Warmup)
Iteration:  600 / 2000 [ 30%]  (Warmup)
Iteration:  600 / 2000 [ 30%]  (Warmup)
Iteration:  600 / 2000 [ 30%]  (Warmup)
Iteration:  600 / 2000 [ 30%]  (Warmup)
Iteration:  800 / 2000 [ 40%]  (Warmup)
Iteration:  800 / 2000 [ 40%]  (Warmup)
Iteration:  800 / 2000 [ 40%]  (Warmup)
Iteration: 1000 / 2000 [ 50%]  (Warmup)
Iteration: 1001 / 2000 [ 50%]  (Sampling)
Iteration:  800 / 2000 [ 40%]  (Warmup)
Iteration: 1000 / 2000 [ 50%]  (Warmup)
Iteration: 1001 / 2000 [ 50%]  (Sampling)
Iteration: 1000 / 2000 [ 50%]  (Warmup)
Iteration: 1001 / 2000 [ 50%]  (Sampling)
Iteration: 1200 / 2000 [ 60%]  (Sampling)
Iteration: 1000 / 2000 [ 50%]  (Warmup)
Iteration: 1001 / 2000 [ 50%]  (Sampling)
Iteration: 1200 / 2000 [ 60%]  (Sampling)
Iteration: 1200 / 2000 [ 60%]  (Sampling)
Iteration: 1200 / 2000 [ 60%]  (Sampling)
Iteration: 1400 / 2000 [ 70%]  (Sampling)
Iteration: 1400 / 2000 [ 70%]  (Sampling)
Iteration: 1400 / 2000 [ 70%]  (Sampling)
Iteration: 1400 / 2000 [ 70%]  (Sampling)
Iteration: 1600 / 2000 [ 80%]  (Sampling)
Iteration: 1600 / 2000 [ 80%]  (Sampling)
Iteration: 1600 / 2000 [ 80%]  (Sampling)
Iteration: 1600 / 2000 [ 80%]  (Sampling)
Iteration: 1800 / 2000 [ 90%]  (Sampling)
Iteration: 1800 / 2000 [ 90%]  (Sampling)
Iteration: 1800 / 2000 [ 90%]  (Sampling)
Iteration: 2000 / 2000 [100%]  (Sampling)

 Elapsed Time: 2127.24 seconds (Warm-up)
               2201.13 seconds (Sampling)
               4328.37 seconds (Total)

Iteration: 1800 / 2000 [ 90%]  (Sampling)
Iteration: 2000 / 2000 [100%]  (Sampling)

 Elapsed Time: 1990.06 seconds (Warm-up)
               2469.49 seconds (Sampling)
               4459.56 seconds (Total)

Iteration: 2000 / 2000 [100%]  (Sampling)

 Elapsed Time: 2080.01 seconds (Warm-up)
               2383.81 seconds (Sampling)
               4463.82 seconds (Total)

Iteration: 2000 / 2000 [100%]  (Sampling)

 Elapsed Time: 2351.13 seconds (Warm-up)
               2382.82 seconds (Sampling)
               4733.94 seconds (Total)

WARNING:pystan:Maximum (flat) parameter count (1000) exceeded: skipping diagnostic tests for n_eff and Rhat.
To run all diagnostics call pystan.check_hmc_diagnostics(fit)
***hmc diagnostics:
{'n_eff': True, 'Rhat': True, 'divergence': True, 'treedepth': True, 'energy': True}
./FC_RDM_Estimation.py:181: UserWarning: Pickling fit objects is an experimental feature!
The relevant StanModel instance must be pickled along with this fit object.
When unpickling the StanModel must be unpickled first.
  pickle.dump({'model' : rdm_model, 'fit' : fit}, f, protocol=-1)
***DF: 
                            mean   se_mean  ...        n_eff      Rhat
mu_g                   -3.315285  0.006196  ...  3465.046274  1.000217
mu_m                    0.030589  0.000767  ...  2270.234506  1.000453
mu_threshold_word       1.190137  0.001027  ...  3345.863808  1.000255
mu_threshold_nonword    1.519225  0.001513  ...  2592.682372  1.002687
mu_alpha                1.542557  0.006109  ...  1800.202007  1.000804
...                          ...       ...  ...          ...       ...
log_lik[10704]          0.195371  0.000796  ...  4344.009194  0.999526
log_lik[10705]         -3.442387  0.003080  ...  4498.813263  0.999554
log_lik[10706]         -1.719495  0.003340  ...  5164.766051  1.000346
log_lik[10707]         -2.116338  0.002245  ...  4641.868151  0.999392
lp__                 -341.042421  0.642971  ...   720.064112  1.005692

[64747 rows x 10 columns]
***Rhat > 1.01: 
0
Empty DataFrame
Columns: [mean, se_mean, sd, 2.5%, 25%, 50%, 75%, 97.5%, n_eff, Rhat]
Index: []
       mean  se_mean   sd  2.5%  25%  50%  75%  97.5%  n_eff  Rhat
count   0.0      0.0  0.0   0.0  0.0  0.0  0.0    0.0    0.0   0.0
mean    NaN      NaN  NaN   NaN  NaN  NaN  NaN    NaN    NaN   NaN
std     NaN      NaN  NaN   NaN  NaN  NaN  NaN    NaN    NaN   NaN
min     NaN      NaN  NaN   NaN  NaN  NaN  NaN    NaN    NaN   NaN
25%     NaN      NaN  NaN   NaN  NaN  NaN  NaN    NaN    NaN   NaN
50%     NaN      NaN  NaN   NaN  NaN  NaN  NaN    NaN    NaN   NaN
75%     NaN      NaN  NaN   NaN  NaN  NaN  NaN    NaN    NaN   NaN
max     NaN      NaN  NaN   NaN  NaN  NaN  NaN    NaN    NaN   NaN
HF words, word drift mean and std:
4.6803730194691795 0.06934316206088825
HF words, nonword drift mean and std:
1.4408300732400143 0.06673241441635255
LF words word drift mean and std:
3.235211422126586 0.05029353884270439
LF words nonword drift mean and std:
1.493753425197796 0.06693246227786454
NW words word drift mean and std:
0.7082743077831437 0.04518273047417519
NW words nonword drift mean and std:
3.3099131386387124 0.048515155555524346
HF words, word threshold mean and std:
1.4575890883101483 0.03143663399293549
HF words, nonword threshold mean and std:
1.7108799399060906 0.03858103005204519
LF words word threshold mean and std:
1.4578138226673292 0.031160535344038256
LF words nonword threshold mean and std:
1.7266375114488606 0.03847555024327293
NW words word threshold mean and std:
1.46065203570915 0.031094157257310757
NW words nonword threshold mean and std:
1.7213180764135083 0.03820469245632996
HF words ndt_t mean and std:
0.3006577516043723 0.005398679516079563
LF words ndt_t mean and std:
0.2984331803591623 0.005317486911386887
Non Words ndt_t mean and std:
0.3204291032682528 0.006608292785167477
{'lppd': -111.89579894568374, 'p_waic': 203.8850341958156, 'waic': 631.5616662829987, 'waic_se': 252.39493715364847}
