nohup: ignoring input

Bad key "text.kerning_factor" on line 4 in
/home/a.dadras/.conda/envs/ANNDDM/lib/python3.7/site-packages/matplotlib/mpl-data/stylelib/_classic_test_patch.mplstyle.
You probably need to get an updated matplotlibrc file from
https://github.com/matplotlib/matplotlib/blob/v3.1.2/matplotlibrc.template
or from the matplotlib source distribution
INFO:pystan:COMPILING THE C++ CODE FOR MODEL anon_model_8bef4439324228bc278c37c462dcf72b NOW.

Gradient evaluation took 0.004411 seconds
1000 transitions using 10 leapfrog steps per transition would take 44.11 seconds.
Adjust your expectations accordingly!



Gradient evaluation took 0.009415 seconds
1000 transitions using 10 leapfrog steps per transition would take 94.15 seconds.
Adjust your expectations accordingly!



Gradient evaluation took 0.006541 seconds
1000 transitions using 10 leapfrog steps per transition would take 65.41 seconds.
Adjust your expectations accordingly!



Gradient evaluation took 0.009338 seconds
1000 transitions using 10 leapfrog steps per transition would take 93.38 seconds.
Adjust your expectations accordingly!


Iteration:    1 / 2000 [  0%]  (Warmup)
Informational Message: The current Metropolis proposal is about to be rejected because of the following issue:
Exception: Exception: Exception: Phi: x is -nan, but must not be nan!  (in 'RDM_hier_3d.stan' at line 10)
  (in 'RDM_hier_3d.stan' at line 27)
  (in 'RDM_hier_3d.stan' at line 165)

If this warning occurs sporadically, such as for highly constrained variable types like covariance matrices, then the sampler is fine,
but if this warning occurs often then your model may be either severely ill-conditioned or misspecified.

Iteration:    1 / 2000 [  0%]  (Warmup)
Iteration:    1 / 2000 [  0%]  (Warmup)
Iteration:    1 / 2000 [  0%]  (Warmup)
Iteration:  200 / 2000 [ 10%]  (Warmup)
Iteration:  200 / 2000 [ 10%]  (Warmup)
Iteration:  200 / 2000 [ 10%]  (Warmup)
Iteration:  200 / 2000 [ 10%]  (Warmup)
Iteration:  400 / 2000 [ 20%]  (Warmup)
Iteration:  400 / 2000 [ 20%]  (Warmup)
Iteration:  400 / 2000 [ 20%]  (Warmup)
Iteration:  400 / 2000 [ 20%]  (Warmup)
Iteration:  600 / 2000 [ 30%]  (Warmup)
Iteration:  600 / 2000 [ 30%]  (Warmup)
Iteration:  600 / 2000 [ 30%]  (Warmup)
Iteration:  600 / 2000 [ 30%]  (Warmup)
Iteration:  800 / 2000 [ 40%]  (Warmup)
Iteration:  800 / 2000 [ 40%]  (Warmup)
Iteration:  800 / 2000 [ 40%]  (Warmup)
Iteration:  800 / 2000 [ 40%]  (Warmup)
Iteration: 1000 / 2000 [ 50%]  (Warmup)
Iteration: 1001 / 2000 [ 50%]  (Sampling)
Iteration: 1000 / 2000 [ 50%]  (Warmup)
Iteration: 1001 / 2000 [ 50%]  (Sampling)
Iteration: 1000 / 2000 [ 50%]  (Warmup)
Iteration: 1001 / 2000 [ 50%]  (Sampling)
Iteration: 1200 / 2000 [ 60%]  (Sampling)
Iteration: 1000 / 2000 [ 50%]  (Warmup)
Iteration: 1001 / 2000 [ 50%]  (Sampling)
Iteration: 1200 / 2000 [ 60%]  (Sampling)
Iteration: 1400 / 2000 [ 70%]  (Sampling)
Iteration: 1200 / 2000 [ 60%]  (Sampling)
Iteration: 1200 / 2000 [ 60%]  (Sampling)
Iteration: 1400 / 2000 [ 70%]  (Sampling)
Iteration: 1600 / 2000 [ 80%]  (Sampling)
Iteration: 1400 / 2000 [ 70%]  (Sampling)
Iteration: 1400 / 2000 [ 70%]  (Sampling)
Iteration: 1600 / 2000 [ 80%]  (Sampling)
Iteration: 1800 / 2000 [ 90%]  (Sampling)
Iteration: 1600 / 2000 [ 80%]  (Sampling)
Iteration: 1600 / 2000 [ 80%]  (Sampling)
Iteration: 2000 / 2000 [100%]  (Sampling)

 Elapsed Time: 1808.62 seconds (Warm-up)
               956.363 seconds (Sampling)
               2764.99 seconds (Total)

Iteration: 1800 / 2000 [ 90%]  (Sampling)
Iteration: 1800 / 2000 [ 90%]  (Sampling)
Iteration: 1800 / 2000 [ 90%]  (Sampling)
Iteration: 2000 / 2000 [100%]  (Sampling)

 Elapsed Time: 1993.11 seconds (Warm-up)
               999.448 seconds (Sampling)
               2992.55 seconds (Total)

Iteration: 2000 / 2000 [100%]  (Sampling)

 Elapsed Time: 1844.56 seconds (Warm-up)
               1150.5 seconds (Sampling)
               2995.06 seconds (Total)

Iteration: 2000 / 2000 [100%]  (Sampling)

 Elapsed Time: 2038.25 seconds (Warm-up)
               1108.22 seconds (Sampling)
               3146.47 seconds (Total)

WARNING:pystan:Maximum (flat) parameter count (1000) exceeded: skipping diagnostic tests for n_eff and Rhat.
To run all diagnostics call pystan.check_hmc_diagnostics(fit)
***hmc diagnostics:
{'n_eff': True, 'Rhat': True, 'divergence': True, 'treedepth': True, 'energy': True}
./RDM_Estimation.py:173: UserWarning: Pickling fit objects is an experimental feature!
The relevant StanModel instance must be pickled along with this fit object.
When unpickling the StanModel must be unpickled first.
  pickle.dump({'model' : rdm_model, 'fit' : fit}, f, protocol=-1)
***DF: 
                            mean   se_mean  ...        n_eff      Rhat
mu_ndt                  0.087820  0.001027  ...  1149.044177  1.001579
mu_threshold_word       1.078846  0.001505  ...  1647.473012  1.006858
mu_threshold_nonword    1.551726  0.002118  ...  1133.114083  1.006965
mu_drift_word[1]        4.807661  0.007961  ...  1117.261195  1.003913
mu_drift_word[2]        2.893649  0.007516  ...   582.192348  1.006429
...                          ...       ...  ...          ...       ...
log_lik[10704]          0.181622  0.000705  ...  4897.758682  0.999669
log_lik[10705]         -3.623796  0.004056  ...  3544.455715  1.001278
log_lik[10706]         -1.844887  0.003488  ...  5107.438011  0.999563
log_lik[10707]         -2.222207  0.003069  ...  3781.941785  1.002215
lp__                 -577.533335  0.675674  ...   670.176411  0.999943

[64810 rows x 10 columns]
***Rhat > 1.01: 
2
                                mean   se_mean  ...       n_eff      Rhat
mu_drift_nonword[3]         3.233062  0.008788  ...  502.657687  1.011452
transf_mu_drift_nonword[3]  3.272457  0.008448  ...  502.557806  1.011462

[2 rows x 10 columns]
           mean   se_mean        sd  ...     97.5%       n_eff      Rhat
count  2.000000  2.000000  2.000000  ...  2.000000    2.000000  2.000000
mean   3.252759  0.008618  0.193215  ...  3.624411  502.607747  1.011457
std    0.027856  0.000240  0.005404  ...  0.018854    0.070626  0.000007
min    3.233062  0.008448  0.189394  ...  3.611079  502.557806  1.011452
25%    3.242911  0.008533  0.191305  ...  3.617745  502.582776  1.011455
50%    3.252759  0.008618  0.193215  ...  3.624411  502.607747  1.011457
75%    3.262608  0.008703  0.195126  ...  3.631077  502.632717  1.011460
max    3.272457  0.008788  0.197037  ...  3.637743  502.657687  1.011462

[8 rows x 10 columns]
HF words, word drift mean and std:
4.8898771907238405 0.09408177306958898
HF words, nonword drift mean and std:
0.5292539277279757 0.1831124668248867
LF words word drift mean and std:
3.009434200622115 0.047861644479176596
LF words nonword drift mean and std:
1.5577866878296254 0.058313780616964205
NW words word drift mean and std:
0.512254001079141 0.051187977333848264
NW words nonword drift mean and std:
3.295326645570105 0.0442677174517001
HF words, word threshold mean and std:
1.3741089464730756 0.027761272251838026
HF words, nonword threshold mean and std:
1.7385450117315386 0.03081366980423411
LF words word threshold mean and std:
1.3748196343115082 0.02771583721832399
LF words nonword threshold mean and std:
1.7525636190257106 0.03103648426787005
NW words word threshold mean and std:
1.378559754744561 0.027667432368491923
NW words nonword threshold mean and std:
1.7476231780033282 0.030808275978190615
HF words ndt_t mean and std:
0.31292806692093483 0.0049140389774786596
LF words ndt_t mean and std:
0.3076762497889338 0.004858541391381155
Non Words ndt_t mean and std:
0.31005497236534263 0.004920356797478719
{'lppd': -315.5579355406441, 'p_waic': 231.56673406965075, 'waic': 1094.2493392205897, 'waic_se': 252.50617041043049}
